[(815, 723), (1228, 1396), (664, 1679), (689, 279), (30, 1707), (1182, 1772), (442, 120), (1349, 1360), (969, 383), (246, 510), (1100, 293), (1219, 743), (1163, 640), (745, 1867), (336, 3), (1282, 1299), (908, 1985), (459, 371), (455, 1852), (490, 619), (855, 1805), (116, 608), (908, 197), (1021, 625), (991, 1695), (761, 1020), (1108, 45), (528, 41), (440, 236), (1110, 1964), (986, 979), (303, 1713), (1042, 1621), (482, 1829), (806, 135), (996, 1731), (559, 1014), (244, 374), (687, 911), (546, 10), (82, 103), (345, 311), (1259, 334), (663, 434), (761, 574), (1207, 340), (1280, 633), (354, 761), (346, 417), (196, 119)]
         117215 function calls (114230 primitive calls) in 0.667 seconds

   Ordered by: internal time

   ncalls  tottime  percall  cumtime  percall filename:lineno(function)
        4    0.035    0.009    0.035    0.009 :0(inRange)
      170    0.031    0.000    0.031    0.000 :0(loads)
        1    0.029    0.029    0.029    0.029 :0(imread)
        4    0.028    0.007    0.028    0.007 :0(cvtColor)
       33    0.028    0.001    0.060    0.002 :0(create_dynamic)
      360    0.025    0.000    0.091    0.000 <frozen importlib._bootstrap_external>:1498(find_spec)
      345    0.017    0.000    0.017    0.000 :0(compile)
     1861    0.015    0.000    0.041    0.000 <frozen importlib._bootstrap_external>:121(_path_join)
     9921    0.015    0.000    0.015    0.000 :0(isinstance)
     1861    0.014    0.000    0.022    0.000 <frozen importlib._bootstrap_external>:123(<listcomp>)
      835    0.013    0.000    0.027    0.000 functools.py:34(update_wrapper)
     8650    0.013    0.000    0.014    0.000 :0(getattr)
      847    0.012    0.000    0.012    0.000 :0(stat)
   106/29    0.010    0.000    0.031    0.001 sre_parse.py:493(_parse)
      212    0.009    0.000    0.110    0.001 <frozen importlib._bootstrap_external>:1367(_get_spec)
   205/27    0.009    0.000    0.023    0.001 sre_compile.py:71(_compile)
     4583    0.008    0.000    0.008    0.000 :0(append)
     4070    0.008    0.000    0.008    0.000 :0(rstrip)
       21    0.007    0.000    1.118    0.053 __init__.py:1(<module>)
      342    0.007    0.000    0.023    0.000 <frozen importlib._bootstrap_external>:354(cache_from_source)
      230    0.007    0.000    0.129    0.001 <frozen importlib._bootstrap>:890(_find_spec)
  338/337    0.007    0.000    0.033    0.000 :0(__build_class__)
4258/4034    0.007    0.000    0.007    0.000 :0(len)
     2491    0.006    0.000    0.007    0.000 :0(join)
     2040    0.006    0.000    0.006    0.000 <frozen importlib._bootstrap>:222(_verbose_message)
       12    0.006    0.000    0.011    0.001 datetime.py:488(__new__)
      171    0.005    0.000    0.075    0.000 <frozen importlib._bootstrap_external>:914(get_code)
      172    0.005    0.000    0.005    0.000 :0(open_code)
     4137    0.005    0.000    0.006    0.000 :0(setattr)
      222    0.005    0.000    0.025    0.000 <frozen importlib._bootstrap>:477(_init_module_attrs)
    234/2    0.005    0.000    0.568    0.284 <frozen importlib._bootstrap>:986(_find_and_load)
      568    0.005    0.000    0.009    0.000 <frozen importlib._bootstrap>:157(_get_module_lock)
     2283    0.004    0.000    0.004    0.000 :0(hasattr)
     1459    0.004    0.000    0.004    0.000 :0(rpartition)
       21    0.004    0.000    0.008    0.000 __init__.py:313(namedtuple)
    233/2    0.004    0.000    0.568    0.284 <frozen importlib._bootstrap>:956(_find_and_load_unlocked)
      847    0.004    0.000    0.016    0.000 <frozen importlib._bootstrap_external>:135(_path_stat)
    222/2    0.004    0.000    0.566    0.283 <frozen importlib._bootstrap>:650(_load_unlocked)
      172    0.003    0.000    0.003    0.000 :0(read)
   221/26    0.003    0.000    0.487    0.019 <frozen importlib._bootstrap>:1017(_handle_fromlist)
     1508    0.003    0.000    0.005    0.000 sre_parse.py:164(__getitem__)
    509/1    0.003    0.000    0.667    0.667 :0(exec)
      616    0.003    0.000    0.012    0.000 _inspect.py:96(getargspec)
     1418    0.003    0.000    0.005    0.000 sre_parse.py:254(get)
      568    0.003    0.000    0.004    0.000 <frozen importlib._bootstrap>:78(acquire)
      204    0.003    0.000    0.005    0.000 <frozen importlib._bootstrap_external>:689(spec_from_file_location)
     2407    0.003    0.000    0.003    0.000 :0(startswith)
      172    0.003    0.000    0.012    0.000 <frozen importlib._bootstrap_external>:1034(get_data)
       82    0.003    0.000    0.005    0.000 sre_compile.py:276(_optimize_charset)
      286    0.003    0.000    0.016    0.000 overrides.py:72(verify_matching_signatures)
      274    0.003    0.000    0.010    0.000 function_base.py:451(add_newdoc)
      316    0.003    0.000    0.048    0.000 overrides.py:166(decorator)
      612    0.003    0.000    0.005    0.000 _inspect.py:65(getargs)
    33/27    0.003    0.000    0.018    0.001 :0(exec_dynamic)
      466    0.003    0.000    0.019    0.000 deprecation.py:9(wrap)
      568    0.003    0.000    0.003    0.000 <frozen importlib._bootstrap>:103(release)
        4    0.003    0.001    0.066    0.017 isvalids.py:15(getWater)
      654    0.002    0.000    0.004    0.000 <frozen importlib._bootstrap>:867(__exit__)
     1246    0.002    0.000    0.002    0.000 :0(format)
     1456    0.002    0.000    0.002    0.000 :0(acquire_lock)
      367    0.002    0.000    0.005    0.000 :0(max)
     1722    0.002    0.000    0.002    0.000 sre_parse.py:233(__next)
     1456    0.002    0.000    0.002    0.000 :0(release_lock)
      759    0.002    0.000    0.003    0.000 :0(__new__)
      512    0.002    0.000    0.004    0.000 <frozen importlib._bootstrap_external>:79(_unpack_uint32)
      343    0.002    0.000    0.007    0.000 <frozen importlib._bootstrap_external>:127(_path_split)
  222/219    0.002    0.000    0.089    0.000 <frozen importlib._bootstrap>:549(module_from_spec)
      654    0.002    0.000    0.003    0.000 <frozen importlib._bootstrap>:863(__enter__)
      412    0.002    0.000    0.007    0.000 <frozen importlib._bootstrap_external>:1330(_path_importer_cache)
        8    0.002    0.000    0.007    0.001 enum.py:157(__new__)
     1131    0.002    0.000    0.002    0.000 :0(get)
      334    0.002    0.000    0.008    0.000 <frozen importlib._bootstrap>:194(_lock_unlock_module)
      686    0.002    0.000    0.003    0.000 <frozen importlib._bootstrap_external>:129(<genexpr>)
        7    0.002    0.000    0.009    0.001 enum.py:500(<listcomp>)
      170    0.002    0.000    0.034    0.000 <frozen importlib._bootstrap_external>:638(_compile_bytecode)
    171/2    0.002    0.000    0.565    0.283 <frozen importlib._bootstrap_external>:842(exec_module)
     1152    0.002    0.000    0.002    0.000 :0(get_ident)
   252/74    0.002    0.000    0.002    0.000 sre_parse.py:174(getwidth)
      204    0.002    0.000    0.007    0.000 <frozen importlib._bootstrap_external>:1493(_get_spec)
        1    0.002    0.002    0.023    0.023 datetime.py:1(<module>)
      316    0.002    0.000    0.012    0.000 <__array_function__ internals>:2(<module>)
      204    0.002    0.000    0.014    0.000 <frozen importlib._bootstrap_external>:484(_get_cached)
      234    0.002    0.000    0.010    0.000 <frozen importlib._bootstrap>:147(__enter__)
     1586    0.002    0.000    0.002    0.000 :0(isupper)
      437    0.002    0.000    0.002    0.000 :0(ord)
      234    0.002    0.000    0.003    0.000 <frozen importlib._bootstrap>:176(cb)
    89/27    0.001    0.000    0.031    0.001 sre_parse.py:435(_parse_sub)
      212    0.001    0.000    0.112    0.001 <frozen importlib._bootstrap_external>:1399(find_spec)
       96    0.001    0.000    0.001    0.000 :0(abs)
       26    0.001    0.000    0.006    0.000 inspect.py:2124(_signature_from_function)
       26    0.001    0.000    0.009    0.000 _backend.py:225(get_defaults)
      234    0.001    0.000    0.002    0.000 <frozen importlib._bootstrap>:58(__init__)
      171    0.001    0.000    0.003    0.000 <frozen importlib._bootstrap_external>:553(_classify_pyc)
      565    0.001    0.000    0.001    0.000 :0(fspath)
      523    0.001    0.000    0.002    0.000 <frozen importlib._bootstrap>:389(parent)
       18    0.001    0.000    0.001    0.000 :0(create_builtin)
        1    0.001    0.001    0.001    0.001 datetime.py:469(timedelta)
       38    0.001    0.000    0.001    0.000 :0(_abc_init)
      616    0.001    0.000    0.002    0.000 _inspect.py:13(ismethod)
      574    0.001    0.000    0.002    0.000 <string>:1(__new__)
      872    0.001    0.000    0.001    0.000 :0(update)
      293    0.001    0.000    0.005    0.000 <frozen importlib._bootstrap_external>:145(_path_is_mode_type)
      375    0.001    0.000    0.015    0.000 <frozen importlib._bootstrap>:376(cached)
      616    0.001    0.000    0.002    0.000 _inspect.py:26(isfunction)
      612    0.001    0.000    0.002    0.000 _inspect.py:41(iscode)
       22    0.001    0.000    0.001    0.000 :0(listdir)
      801    0.001    0.000    0.001    0.000 functools.py:64(wraps)
   332/14    0.001    0.000    0.485    0.035 :0(__import__)
        8    0.001    0.000    0.002    0.000 enum.py:200(<setcomp>)
       50    0.001    0.000    0.002    0.000 graph.py:14(addVertex)
      270    0.001    0.000    0.006    0.000 <frozen importlib._bootstrap_external>:154(_path_isfile)
      379    0.001    0.000    0.002    0.000 socket.py:91(<lambda>)
      376    0.001    0.000    0.002    0.000 socket.py:76(<lambda>)
      377    0.001    0.000    0.002    0.000 socket.py:81(<lambda>)
      126    0.001    0.000    0.003    0.000 enum.py:75(__setitem__)
      378    0.001    0.000    0.002    0.000 socket.py:86(<lambda>)
      993    0.001    0.000    0.001    0.000 :0(globals)
      182    0.001    0.000    0.002    0.000 inspect.py:2489(__init__)
      171    0.001    0.000    0.003    0.000 <frozen importlib._bootstrap_external>:586(_validate_timestamp_pyc)
      469    0.001    0.000    0.001    0.000 sre_parse.py:172(append)
    332/2    0.001    0.000    0.564    0.282 <frozen importlib._bootstrap>:211(_call_with_frames_removed)
      374    0.001    0.000    0.002    0.000 typing.py:762(__setattr__)
      462    0.001    0.000    0.001    0.000 sre_parse.py:160(__len__)
      374    0.001    0.000    0.002    0.000 typing.py:646(_is_dunder)
      234    0.001    0.000    0.003    0.000 <frozen importlib._bootstrap>:151(__exit__)
        1    0.001    0.001    0.014    0.014 inspect.py:1(<module>)
       52    0.001    0.000    0.004    0.000 typing.py:659(__init__)
      171    0.001    0.000    0.001    0.000 <frozen importlib._bootstrap_external>:516(_check_name_wrapper)
      274    0.001    0.000    0.001    0.000 function_base.py:419(_needs_add_docstring)
      559    0.001    0.000    0.001    0.000 sre_parse.py:249(match)
       60    0.001    0.000    0.001    0.000 :0(divmod)
      139    0.001    0.000    0.061    0.000 re.py:289(_compile)
      274    0.001    0.000    0.003    0.000 function_base.py:437(_add_docstring)
      212    0.001    0.000    0.001    0.000 <frozen importlib._bootstrap>:800(find_spec)
       35    0.001    0.000    0.001    0.000 datetime.py:379(_check_int_field)
      471    0.001    0.000    0.001    0.000 :0(allocate_lock)
       59    0.001    0.000    0.001    0.000 :0(getcwd)
      230    0.001    0.000    0.001    0.000 <frozen importlib._bootstrap>:342(__init__)
      360    0.001    0.000    0.001    0.000 <frozen importlib._bootstrap_external>:68(_relax_case)
      226    0.001    0.000    0.001    0.000 <frozen importlib._bootstrap_external>:175(_path_isabs)
      245    0.001    0.000    0.012    0.000 enum.py:313(__call__)
      171    0.001    0.000    0.003    0.000 <frozen importlib._bootstrap_external>:1075(path_stats)
      480    0.001    0.000    0.001    0.000 :0(min)
      513    0.001    0.000    0.001    0.000 :0(from_bytes)
      478    0.001    0.000    0.001    0.000 :0(add)
      117    0.001    0.000    0.001    0.000 :0(extend)
       27    0.001    0.000    0.003    0.000 sre_compile.py:536(_compile_info)
      462    0.001    0.000    0.001    0.000 :0(endswith)
      348    0.001    0.000    0.001    0.000 :0(rfind)
      322    0.001    0.000    0.001    0.000 :0(isidentifier)
      325    0.001    0.000    0.001    0.000 sre_parse.py:286(tell)
      116    0.001    0.000    0.001    0.000 :0(array)
      230    0.001    0.000    0.002    0.000 <frozen importlib._bootstrap>:725(find_spec)
      665    0.001    0.000    0.001    0.000 :0(callable)
       40    0.001    0.000    0.001    0.000 _inspect.py:140(formatargspec)
        1    0.001    0.001    0.001    0.001 :0(setprofile)
       22    0.001    0.000    0.002    0.000 <frozen importlib._bootstrap_external>:1459(__init__)
      466    0.001    0.000    0.001    0.000 deprecation.py:7(_deprecated)
       82    0.001    0.000    0.001    0.000 sre_compile.py:249(_compile_charset)
      263    0.001    0.000    0.001    0.000 :0(find)
      140    0.001    0.000    0.002    0.000 _internal.py:781(_ufunc_doc_signature_formatter)
      171    0.001    0.000    0.001    0.000 <frozen importlib._bootstrap>:35(_new_module)
      160    0.001    0.000    0.001    0.000 enum.py:417(__setattr__)
      234    0.001    0.000    0.001    0.000 <frozen importlib._bootstrap>:143(__init__)
      110    0.001    0.000    0.001    0.000 :0(randint)
      316    0.001    0.000    0.001    0.000 overrides.py:124(array_function_dispatch)
        1    0.000    0.000    0.004    0.004 hmac.py:1(<module>)
      502    0.000    0.000    0.000    0.000 inspect.py:2543(default)
      212    0.000    0.000    0.000    0.000 :0(is_frozen)
       22    0.000    0.000    0.004    0.000 <frozen importlib._bootstrap_external>:1317(_path_hooks)
      107    0.000    0.000    0.003    0.000 re.py:188(match)
       27    0.000    0.000    0.059    0.002 sre_compile.py:759(compile)
        7    0.000    0.000    0.010    0.001 enum.py:430(_create_)
      298    0.000    0.000    0.000    0.000 :0(strip)
        5    0.000    0.000    0.001    0.000 datetime.py:424(_check_time_fields)
       26    0.000    0.000    0.001    0.000 inspect.py:2772(__init__)
       26    0.000    0.000    0.007    0.000 inspect.py:2218(_signature_from_callable)
      190    0.000    0.000    0.000    0.000 :0(unicode_iscased)
       22    0.000    0.000    0.001    0.000 <frozen zipimport>:63(__init__)
      123    0.000    0.000    0.000    0.000 :0(__contains__)
      107    0.000    0.000    0.001    0.000 sre_compile.py:423(_simple)
      170    0.000    0.000    0.000    0.000 :0(_fix_co_filename)
       12    0.000    0.000    0.000    0.000 :0(round)
      208    0.000    0.000    0.001    0.000 inspect.py:2821(<genexpr>)
      107    0.000    0.000    0.001    0.000 enum.py:12(_is_descriptor)
        5    0.000    0.000    0.001    0.000 datetime.py:411(_check_date_fields)
        1    0.000    0.000    0.011    0.011 _add_newdocs.py:1(<module>)
      238    0.000    0.000    0.001    0.000 enum.py:631(__new__)
      252    0.000    0.000    0.000    0.000 :0(pop)
        1    0.000    0.000    0.001    0.001 sampler.py:8(uniform)
      299    0.000    0.000    0.000    0.000 :0(add_docstring)
      171    0.000    0.000    0.000    0.000 <frozen importlib._bootstrap_external>:1004(__init__)
      176    0.000    0.000    0.000    0.000 <frozen importlib._bootstrap_external>:1465(<genexpr>)
      164    0.000    0.000    0.000    0.000 :0(unicode_tolower)
       76    0.000    0.000    0.000    0.000 :0(is_builtin)
       22    0.000    0.000    0.002    0.000 <frozen importlib._bootstrap_external>:1549(_fill_cache)
        6    0.000    0.000    0.001    0.000 numeric.py:2446(extend_all)
        1    0.000    0.000    0.007    0.007 core.py:1(<module>)
      222    0.000    0.000    0.000    0.000 <frozen importlib._bootstrap>:397(has_location)
      201    0.000    0.000    0.001    0.000 _internal.py:792(<genexpr>)
      222    0.000    0.000    0.000    0.000 :0(items)
        1    0.000    0.000    0.041    0.041 ntpath.py:2(<module>)
       15    0.000    0.000    0.000    0.000 arrayprint.py:1466(_guarded_repr_or_str)
        2    0.000    0.000    0.001    0.001 datetime.py:1236(__new__)
       27    0.000    0.000    0.032    0.001 sre_parse.py:937(parse)
       52    0.000    0.000    0.001    0.000 sre_parse.py:355(_escape)
       57    0.000    0.000    0.001    0.000 typing.py:172(_collect_type_vars)
        1    0.000    0.000    0.019    0.019 numeric.py:1(<module>)
      123    0.000    0.000    0.000    0.000 :0(intern)
      148    0.000    0.000    0.000    0.000 sre_parse.py:81(groups)
      220    0.000    0.000    0.000    0.000 sre_parse.py:111(__init__)
        3    0.000    0.000    0.001    0.000 datetime.py:1567(__new__)
      256    0.000    0.000    0.000    0.000 :0(chr)
        1    0.000    0.000    0.005    0.005 tokenize.py:1(<module>)
      126    0.000    0.000    0.000    0.000 enum.py:22(_is_dunder)
    33/25    0.000    0.000    0.000    0.000 sre_compile.py:461(_get_literal_prefix)
       27    0.000    0.000    0.026    0.001 sre_compile.py:598(_code)
       52    0.000    0.000    0.001    0.000 core.py:895(__init__)
      126    0.000    0.000    0.000    0.000 enum.py:33(_is_sunder)
       22    0.000    0.000    0.003    0.000 <frozen importlib._bootstrap_external>:1590(path_hook_for_FileFinder)
       76    0.000    0.000    0.000    0.000 signal.py:10(<lambda>)
       47    0.000    0.000    0.001    0.000 sre_parse.py:84(opengroup)
       18    0.000    0.000    0.001    0.000 <frozen importlib._bootstrap>:406(spec_from_loader)
        2    0.000    0.000    0.001    0.000 datetime.py:819(__new__)
      171    0.000    0.000    0.000    0.000 <frozen importlib._bootstrap_external>:1029(get_filename)
      171    0.000    0.000    0.000    0.000 <frozen importlib._bootstrap_external>:839(create_module)
      257    0.000    0.000    0.000    0.000 hmac.py:17(<genexpr>)
       38    0.000    0.000    0.000    0.000 :0(replace)
      257    0.000    0.000    0.000    0.000 hmac.py:18(<genexpr>)
       33    0.000    0.000    0.061    0.002 <frozen importlib._bootstrap_external>:1164(create_module)
        1    0.000    0.000    0.001    0.001 _string_helpers.py:9(<listcomp>)
       19    0.000    0.000    0.001    0.000 _add_newdocs.py:6709(add_newdoc_for_scalar_type)
        1    0.000    0.000    0.063    0.063 pathlib.py:1(<module>)
        2    0.000    0.000    0.006    0.003 function_base.py:1(<module>)
        1    0.000    0.000    0.008    0.008 defchararray.py:1(<module>)
        1    0.000    0.000    0.000    0.000 datetime.py:789(date)
        1    0.000    0.000    0.009    0.009 fromnumeric.py:1(<module>)
       55    0.000    0.000    0.000    0.000 isvalids.py:26(notOnWater)
        1    0.000    0.000    0.168    0.168 multiarray.py:1(<module>)
        3    0.000    0.000    0.001    0.000 tokenize.py:83(_all_string_prefixes)
       65    0.000    0.000    0.000    0.000 sre_parse.py:432(_uniq)
        1    0.000    0.000    0.005    0.005 numerictypes.py:1(<module>)
    33/27    0.000    0.000    0.018    0.001 <frozen importlib._bootstrap_external>:1172(exec_module)
       27    0.000    0.000    0.001    0.000 enum.py:938(__and__)
        1    0.000    0.000    0.000    0.000 _compat_pickle.py:9(<module>)
       83    0.000    0.000    0.000    0.000 :0(repr)
      108    0.000    0.000    0.000    0.000 :0(match)
        1    0.000    0.000    0.003    0.003 pickle.py:197(<listcomp>)
       24    0.000    0.000    0.000    0.000 typing.py:120(_type_check)
        1    0.000    0.000    0.006    0.006 typing.py:1(<module>)
        1    0.000    0.000    0.000    0.000 datetime.py:1559(datetime)
       38    0.000    0.000    0.003    0.000 abc.py:84(__new__)
      159    0.000    0.000    0.000    0.000 :0(issubclass)
       38    0.000    0.000    0.000    0.000 sre_parse.py:295(_class_escape)
        6    0.000    0.000    0.002    0.000 getlimits.py:35(__init__)
      109    0.000    0.000    0.000    0.000 :0(copy)
       44    0.000    0.000    0.002    0.000 core.py:138(get_object_signature)
       30    0.000    0.000    0.001    0.000 getlimits.py:41(<lambda>)
        1    0.000    0.000    0.002    0.002 getlimits.py:94(_register_known_types)
        2    0.000    0.000    0.013    0.007 shape_base.py:1(<module>)
      123    0.000    0.000    0.000    0.000 __init__.py:385(<genexpr>)
      182    0.000    0.000    0.000    0.000 inspect.py:2539(name)
      112    0.000    0.000    0.000    0.000 sre_parse.py:168(__setitem__)
        1    0.000    0.000    0.004    0.004 parse.py:1(<module>)
      182    0.000    0.000    0.000    0.000 inspect.py:2551(kind)
        1    0.000    0.000    0.000    0.000 datetime.py:1211(time)
       26    0.000    0.000    0.010    0.000 _backend.py:93(generate_multimethod)
       17    0.000    0.000    0.000    0.000 sre_parse.py:267(getuntil)
       26    0.000    0.000    0.000    0.000 inspect.py:493(unwrap)
       30    0.000    0.000    0.000    0.000 :0(split)
       26    0.000    0.000    0.002    0.000 core.py:6755(getdoc)
        1    0.000    0.000    0.001    0.001 ctypeslib.py:1(<module>)
        1    0.000    0.000    0.163    0.163 overrides.py:1(<module>)
       84    0.000    0.000    0.000    0.000 overrides.py:94(set_module)
        1    0.000    0.000    0.000    0.000 token.py:74(<dictcomp>)
       23    0.000    0.000    0.000    0.000 enum.py:543(_find_data_type)
        1    0.000    0.000    0.001    0.001 opcode.py:2(<module>)
       65    0.000    0.000    0.000    0.000 :0(fromkeys)
      110    0.000    0.000    0.000    0.000 :0(translate)
        1    0.000    0.000    0.008    0.008 pickle.py:1(<module>)
        1    0.000    0.000    0.002    0.002 _type_aliases.py:1(<module>)
       47    0.000    0.000    0.002    0.000 sre_parse.py:96(closegroup)
       27    0.000    0.000    0.000    0.000 sre_parse.py:224(__init__)
        1    0.000    0.000    0.019    0.019 planner.py:45(baseline)
        1    0.000    0.000    0.017    0.017 socket.py:4(<module>)
       47    0.000    0.000    0.000    0.000 re.py:270(escape)
      120    0.000    0.000    0.000    0.000 typing.py:669(<genexpr>)
       54    0.000    0.000    0.000    0.000 sre_compile.py:595(isstring)
        1    0.000    0.000    0.007    0.007 linalg.py:1(<module>)
       18    0.000    0.000    0.002    0.000 <frozen importlib._bootstrap>:746(create_module)
        8    0.000    0.000    0.000    0.000 :0(sort)
      120    0.000    0.000    0.000    0.000 opcode.py:39(def_op)
       90    0.000    0.000    0.000    0.000 _inspect.py:131(strseq)
        1    0.000    0.000    0.000    0.000 data.py:157(_minmax_mixin)
        2    0.000    0.000    0.005    0.002 polynomial.py:1(<module>)
       13    0.000    0.000    0.000    0.000 _dtype_ctypes.py:100(dtype_from_ctypes_type)
       22    0.000    0.000    0.000    0.000 sre_compile.py:492(_get_charset_prefix)
        1    0.000    0.000    0.001    0.001 ctypeslib.py:368(<dictcomp>)
       51    0.000    0.000    0.000    0.000 :0(empty)
       23    0.000    0.000    0.003    0.000 overrides.py:206(decorator)
       59    0.000    0.000    0.000    0.000 _inspect.py:144(<lambda>)
        1    0.000    0.000    0.014    0.014 npyio.py:1(<module>)
        1    0.000    0.000    0.001    0.001 datetime.py:2181(timezone)
        3    0.000    0.000    0.000    0.000 utils.py:133(_get_indent)
       15    0.000    0.000    0.001    0.000 arrayprint.py:461(wrapper)
       15    0.000    0.000    0.000    0.000 os.py:748(encode)
       23    0.000    0.000    0.000    0.000 enum.py:532(_get_mixins_)
       84    0.000    0.000    0.000    0.000 overrides.py:105(decorator)
        7    0.000    0.000    0.020    0.003 enum.py:483(_convert_)
        5    0.000    0.000    0.000    0.000 posixpath.py:150(dirname)
       23    0.000    0.000    0.000    0.000 <frozen importlib._bootstrap_external>:159(_path_isdir)
       38    0.000    0.000    0.003    0.000 typing.py:1435(_alias)
       99    0.000    0.000    0.000    0.000 abc.py:7(abstractmethod)
        1    0.000    0.000    0.000    0.000 datetime.py:1141(tzinfo)
       85    0.000    0.000    0.000    0.000 _compat_pickle.py:167(<genexpr>)
       11    0.000    0.000    0.000    0.000 sre_compile.py:411(_mk_bitmap)
       49    0.000    0.000    0.000    0.000 :0(zeros)
       52    0.000    0.000    0.000    0.000 inspect.py:158(isfunction)
        1    0.000    0.000    0.667    0.667 profile:0(<code object <module> at 0x7f2c0717d870, file "main.py", line 1>)
       30    0.000    0.000    0.000    0.000 getlimits.py:40(<lambda>)
       18    0.000    0.000    0.000    0.000 <frozen importlib._bootstrap>:232(_requires_builtin_wrapper)
        4    0.000    0.000    0.000    0.000 :0(dir)
    27/13    0.000    0.000    0.000    0.000 :0(_abc_subclasscheck)
        1    0.000    0.000    0.000    0.000 fnmatch.py:1(<module>)
      101    0.000    0.000    0.000    0.000 enum.py:506(<lambda>)
        1    0.000    0.000    0.001    0.001 arrayprint.py:1(<module>)
       62    0.000    0.000    0.000    0.000 sre_compile.py:65(_combine_flags)
        1    0.000    0.000    0.003    0.003 _pocketfft.py:1(<module>)
       11    0.000    0.000    0.000    0.000 typing.py:900(__init_subclass__)
       27    0.000    0.000    0.000    0.000 sre_parse.py:921(fix_flags)
        1    0.000    0.000    0.005    0.005 scimath.py:1(<module>)
       18    0.000    0.000    0.000    0.000 :0(exec_builtin)
        1    0.000    0.000    0.000    0.000 context.py:30(BaseContext)
        1    0.000    0.000    0.003    0.003 arraysetops.py:1(<module>)
        1    0.000    0.000    0.000    0.000 lil.py:20(lil_matrix)
       26    0.000    0.000    0.007    0.000 inspect.py:2851(from_callable)
        1    0.000    0.000    0.000    0.000 threading.py:519(set)
    16/14    0.000    0.000    0.002    0.000 typing.py:255(inner)
        1    0.000    0.000    0.000    0.000 :0(generate_state)
        5    0.000    0.000    0.000    0.000 posixpath.py:71(join)
        1    0.000    0.000    0.009    0.009 shutil.py:1(<module>)
        1    0.000    0.000    0.001    0.001 extras.py:1(<module>)
        1    0.000    0.000    0.003    0.003 utils.py:1(<module>)
        5    0.000    0.000    0.000    0.000 datetime.py:46(_days_in_month)
        8    0.000    0.000    0.000    0.000 enum.py:579(_find_new_)
        5    0.000    0.000    0.001    0.000 textwrap.py:414(dedent)
        7    0.000    0.000    0.000    0.000 typing.py:1060(__init_subclass__)
       16    0.000    0.000    0.000    0.000 _type_aliases.py:78(bitname)
       16    0.000    0.000    0.000    0.000 _type_aliases.py:65(_bits_of)
        2    0.000    0.000    0.000    0.000 __config__.py:3(<module>)
       25    0.000    0.000    0.000    0.000 :0(any)
        1    0.000    0.000    0.003    0.003 type_check.py:1(<module>)
        1    0.000    0.000    0.000    0.000 _type_aliases.py:114(_add_aliases)
        1    0.000    0.000    0.000    0.000 :0(choice)
        8    0.000    0.000    0.000    0.000 enum.py:143(__prepare__)
        1    0.000    0.000    0.002    0.002 twodim_base.py:1(<module>)
       30    0.000    0.000    0.000    0.000 getlimits.py:25(_fr1)
       30    0.000    0.000    0.000    0.000 getlimits.py:17(_fr0)
        1    0.000    0.000    0.018    0.018 index_tricks.py:1(<module>)
        1    0.000    0.000    0.002    0.002 nanfunctions.py:1(<module>)
       26    0.000    0.000    0.002    0.000 core.py:6750(__init__)
       36    0.000    0.000    0.000    0.000 getlimits.py:39(<lambda>)
        3    0.000    0.000    0.000    0.000 datetime.py:2201(_create)
       36    0.000    0.000    0.000    0.000 _add_newdocs.py:6715(<genexpr>)
       26    0.000    0.000    0.010    0.000 _basic.py:16(_dispatch)
       38    0.000    0.000    0.000    0.000 __init__.py:23(<genexpr>)
       36    0.000    0.000    0.000    0.000 _string_helpers.py:16(english_lower)
        1    0.000    0.000    0.097    0.097 py3k.py:1(<module>)
       78    0.000    0.000    0.000    0.000 signal.py:22(<lambda>)
        3    0.000    0.000    0.000    0.000 utils.py:74(__call__)
        1    0.000    0.000    0.000    0.000 :0(dumps)
       55    0.000    0.000    0.000    0.000 sre_compile.py:453(_get_iscased)
       77    0.000    0.000    0.000    0.000 signal.py:17(<lambda>)
       26    0.000    0.000    0.000    0.000 core.py:922(__init__)
       11    0.000    0.000    0.000    0.000 sre_compile.py:413(<listcomp>)
       10    0.000    0.000    0.000    0.000 :0(sub)
        2    0.000    0.000    0.000    0.000 sre_parse.py:861(_parse_flags)
       18    0.000    0.000    0.000    0.000 <frozen importlib._bootstrap>:754(exec_module)
        1    0.000    0.000    0.004    0.004 financial.py:1(<module>)
        1    0.000    0.000    0.001    0.001 hermite.py:1(<module>)
       24    0.000    0.000    0.000    0.000 tokenize.py:94(<listcomp>)
        1    0.000    0.000    0.000    0.000 __init__.py:22(<listcomp>)
        1    0.000    0.000    0.000    0.000 __init__.py:242(<listcomp>)
       26    0.000    0.000    0.007    0.000 inspect.py:3103(signature)
        3    0.000    0.000    0.000    0.000 posixpath.py:334(normpath)
       23    0.000    0.000    0.057    0.002 re.py:250(compile)
        1    0.000    0.000    0.001    0.001 random.py:1(<module>)
        1    0.000    0.000    0.000    0.000 data.py:1(<module>)
       10    0.000    0.000    0.001    0.000 extras.py:239(getdoc)
       24    0.000    0.000    0.000    0.000 types.py:171(__get__)
        1    0.000    0.000    0.000    0.000 _globals.py:1(<module>)
        2    0.000    0.000    0.001    0.000 datetime.py:661(__neg__)
        2    0.000    0.000    0.000    0.000 _pep440.py:292(__init__)
       14    0.000    0.000    0.000    0.000 __init__.py:141(_check_size)
        2    0.000    0.000    0.025    0.012 _backend.py:1(<module>)
        9    0.000    0.000    0.000    0.000 typing.py:586(__init__)
        8    0.000    0.000    0.000    0.000 _ufunc_config.py:32(seterr)
       13    0.000    0.000    0.000    0.000 mixins.py:44(_numeric_methods)
        1    0.000    0.000    0.000    0.000 :0(open)
       42    0.000    0.000    0.000    0.000 :0(id)
        1    0.000    0.000    0.005    0.005 signal.py:1(<module>)
       30    0.000    0.000    0.000    0.000 :0(_getframe)
        7    0.000    0.000    0.000    0.000 functools.py:525(decorating_function)
       30    0.000    0.000    0.000    0.000 _type_aliases.py:231(_add_array_type)
       15    0.000    0.000    0.001    0.000 arrayprint.py:1473(_array_str_implementation)
        1    0.000    0.000    0.001    0.001 _methods.py:1(<module>)
        1    0.000    0.000    0.000    0.000 threading.py:1(<module>)
        4    0.000    0.000    0.006    0.001 warnings.py:130(filterwarnings)
        8    0.000    0.000    0.000    0.000 enum.py:522(_check_for_existing_members)
        1    0.000    0.000    0.004    0.004 bz2.py:1(<module>)
       26    0.000    0.000    0.000    0.000 inspect.py:513(_is_wrapper)
        5    0.000    0.000    0.000    0.000 os.py:670(__getitem__)
    27/13    0.000    0.000    0.000    0.000 abc.py:100(__subclasscheck__)
       18    0.000    0.000    0.000    0.000 core.py:998(__init__)
        5    0.000    0.000    0.000    0.000 datetime.py:441(_check_tzinfo_arg)
        1    0.000    0.000    0.027    0.027 context.py:1(<module>)
        1    0.000    0.000    0.000    0.000 core.py:2708(MaskedArray)
        1    0.000    0.000    0.006    0.006 process.py:10(<module>)
       27    0.000    0.000    0.000    0.000 sre_parse.py:76(__init__)
       33    0.000    0.000    0.000    0.000 <frozen importlib._bootstrap_external>:1153(__init__)
        6    0.000    0.000    0.000    0.000 _exceptions.py:17(_display_as_base)
        7    0.000    0.000    0.000    0.000 __init__.py:75(CFUNCTYPE)
        2    0.000    0.000    0.000    0.000 helper.py:1(<module>)
       24    0.000    0.000    0.000    0.000 typing.py:711(__eq__)
      5/3    0.000    0.000    0.001    0.000 typing.py:347(__getitem__)
        1    0.000    0.000    0.667    0.667 main.py:1(<module>)
        1    0.000    0.000    0.000    0.000 ast.py:1(<module>)
        1    0.000    0.000    0.000    0.000 getlimits.py:1(<module>)
       13    0.000    0.000    0.000    0.000 _dtype_ctypes.py:71(_from_ctypes_scalar)
        7    0.000    0.000    0.000    0.000 functools.py:487(lru_cache)
        8    0.000    0.000    0.000    0.000 hashlib.py:79(__get_builtin_constructor)
        4    0.000    0.000    0.000    0.000 os.py:678(__setitem__)
       14    0.000    0.000    0.001    0.000 hashlib.py:123(__get_openssl_constructor)
       43    0.000    0.000    0.000    0.000 _compat_pickle.py:165(<genexpr>)
        1    0.000    0.000    0.001    0.001 _ufunc_config.py:1(<module>)
       32    0.000    0.000    0.000    0.000 _type_aliases.py:67(<genexpr>)
        1    0.000    0.000    0.031    0.031 _internal.py:1(<module>)
        1    0.000    0.000    0.018    0.018 reduction.py:10(<module>)
        1    0.000    0.000    0.001    0.001 hashlib.py:5(<module>)
        4    0.000    0.000    0.000    0.000 typing.py:878(__class_getitem__)
       20    0.000    0.000    0.000    0.000 mixins.py:16(_binary_method)
        1    0.000    0.000    0.000    0.000 umath.py:1(<module>)
        1    0.000    0.000    0.000    0.000 opcode.py:37(<listcomp>)
        1    0.000    0.000    0.000    0.000 pathlib.py:629(PurePath)
        1    0.000    0.000    0.000    0.000 numerictypes.py:412(_construct_lookups)
        9    0.000    0.000    0.000    0.000 :0(remove)
        1    0.000    0.000    0.002    0.002 dis.py:1(<module>)
        1    0.000    0.000    0.002    0.002 compressed.py:1(<module>)
        2    0.000    0.000    0.000    0.000 core.py:2975(__array_finalize__)
        4    0.000    0.000    0.000    0.000 :0(putenv)
        1    0.000    0.000    0.017    0.017 _pickle.py:1(<module>)
       13    0.000    0.000    0.000    0.000 posixpath.py:41(_get_sep)
        1    0.000    0.000    0.000    0.000 _type_aliases.py:239(_set_array_types)
       18    0.000    0.000    0.000    0.000 _add_newdocs.py:6674(type_aliases_gen)
        4    0.000    0.000    0.000    0.000 typing.py:248(_tp_cache)
        2    0.000    0.000    0.000    0.000 core.py:2949(_update_from)
       19    0.000    0.000    0.000    0.000 tokenize.py:58(group)
        3    0.000    0.000    0.000    0.000 typing.py:219(_remove_dups_flatten)
       27    0.000    0.000    0.000    0.000 _add_newdocs.py:6714(<genexpr>)
    18/16    0.000    0.000    0.000    0.000 typing.py:720(__hash__)
        1    0.000    0.000    0.000    0.000 typing.py:1838(IO)
        1    0.000    0.000    0.000    0.000 <frozen importlib._bootstrap_external>:180(_write_atomic)
        1    0.000    0.000    0.000    0.000 legendre.py:1(<module>)
       38    0.000    0.000    0.000    0.000 :0(sizeof)
       22    0.000    0.000    0.000    0.000 <string>:1(<module>)
        1    0.000    0.000    0.000    0.000 mixins.py:59(NDArrayOperatorsMixin)
       18    0.000    0.000    0.000    0.000 typing.py:324(__eq__)
        4    0.000    0.000    0.001    0.000 typing.py:818(__getitem_inner__)
        1    0.000    0.000    0.001    0.001 selectors.py:1(<module>)
        1    0.000    0.000    0.002    0.002 lzma.py:1(<module>)
       36    0.000    0.000    0.000    0.000 :0(upper)
       16    0.000    0.000    0.000    0.000 _string_helpers.py:72(english_capitalize)
        1    0.000    0.000    0.000    0.000 _polybase.py:17(ABCPolyBase)
       29    0.000    0.000    0.000    0.000 :0(lstrip)
       26    0.000    0.000    0.000    0.000 :0(getrecursionlimit)
       12    0.000    0.000    0.000    0.000 :0(_abc_register)
       12    0.000    0.000    0.000    0.000 opcode.py:43(name_op)
        1    0.000    0.000    0.000    0.000 records.py:1(<module>)
        3    0.000    0.000    0.000    0.000 datetime.py:41(_days_before_year)
        2    0.000    0.000    0.000    0.000 :0(POINTER)
       23    0.000    0.000    0.000    0.000 overrides.py:202(array_function_from_dispatcher)
       16    0.000    0.000    0.000    0.000 :0(next)
       16    0.000    0.000    0.000    0.000 _string_helpers.py:44(english_upper)
        1    0.000    0.000    0.034    0.034 _basic.py:1(<module>)
        8    0.000    0.000    0.000    0.000 _ufunc_config.py:132(geterr)
        2    0.000    0.000    0.000    0.000 :0(seed)
        1    0.000    0.000    0.000    0.000 _type_aliases.py:153(_add_integer_aliases)
       14    0.000    0.000    0.000    0.000 mixins.py:26(_reflected_binary_method)
        5    0.000    0.000    0.000    0.000 warnings.py:181(_add_filter)
        8    0.000    0.000    0.000    0.000 core.py:8099(getdoc)
        1    0.000    0.000    0.000    0.000 :0(write)
        1    0.000    0.000    0.000    0.000 hermite_e.py:1(<module>)
        3    0.000    0.000    0.000    0.000 sre_compile.py:416(_bytes_to_codes)
        1    0.000    0.000    0.029    0.029 _util.py:1(<module>)
        1    0.000    0.000    0.000    0.000 chebyshev.py:1(<module>)
        7    0.000    0.000    0.000    0.000 getlimits.py:498(__init__)
        1    0.000    0.000    0.000    0.000 _iotools.py:1(<module>)
       24    0.000    0.000    0.000    0.000 enum.py:223(<genexpr>)
        1    0.000    0.000    0.000    0.000 pickle.py:407(_Pickler)
        4    0.000    0.000    0.001    0.000 core.py:115(doc_note)
        1    0.000    0.000    0.000    0.000 _exceptions.py:1(<module>)
        1    0.000    0.000    0.020    0.020 platform.py:3(<module>)
       15    0.000    0.000    0.000    0.000 :0(encode)
       13    0.000    0.000    0.000    0.000 mixins.py:36(_inplace_binary_method)
        1    0.000    0.000    0.564    0.564 planner.py:1(<module>)
        8    0.000    0.000    0.000    0.000 core.py:8094(__init__)
       18    0.000    0.000    0.000    0.000 data.py:131(_create_method)
    24/21    0.000    0.000    0.000    0.000 :0(hash)
        5    0.000    0.000    0.000    0.000 :0(findall)
        1    0.000    0.000    0.000    0.000 struct.py:3(<module>)
        1    0.000    0.000    0.000    0.000 bsr.py:1(<module>)
        1    0.000    0.000    0.019    0.019 _pep440.py:1(<module>)
       18    0.000    0.000    0.000    0.000 :0(calcsize)
        5    0.000    0.000    0.001    0.000 re.py:203(sub)
        1    0.000    0.000    0.003    0.003 _realtransforms.py:1(<module>)
       12    0.000    0.000    0.000    0.000 abc.py:89(register)
       18    0.000    0.000    0.000    0.000 :0(geterrobj)
        1    0.000    0.000    0.030    0.030 base.py:1(<module>)
        1    0.000    0.000    0.000    0.000 core.py:2819(__new__)
        9    0.000    0.000    0.000    0.000 :0(setdefault)
        1    0.000    0.000    0.001    0.001 histograms.py:1(<module>)
        7    0.000    0.000    0.000    0.000 core.py:2555(_arraymethod)
        1    0.000    0.000    0.001    0.001 basic.py:1(<module>)
        1    0.000    0.000    0.001    0.001 ufunclike.py:1(<module>)
        1    0.000    0.000    0.000    0.000 pickle.py:1136(_Unpickler)
       10    0.000    0.000    0.001    0.000 extras.py:235(__init__)
       18    0.000    0.000    0.000    0.000 <frozen importlib._bootstrap>:771(is_package)
        1    0.000    0.000    0.000    0.000 base.py:58(spmatrix)
       26    0.000    0.000    0.000    0.000 inspect.py:2857(parameters)
        1    0.000    0.000    0.000    0.000 _globals.py:65(__new__)
        1    0.000    0.000    0.000    0.000 construct.py:1(<module>)
        1    0.000    0.000    0.000    0.000 laguerre.py:1(<module>)
        1    0.000    0.000    0.000    0.000 <frozen importlib._bootstrap_external>:651(_code_to_timestamp_pyc)
        1    0.000    0.000    0.008    0.008 defmatrix.py:1(<module>)
        1    0.000    0.000    0.000    0.000 :0(print)
        1    0.000    0.000    0.000    0.000 _inspect.py:1(<module>)
        1    0.000    0.000    0.098    0.098 main.py:5(runExperiment)
       13    0.000    0.000    0.000    0.000 _internal.py:827(npy_ctypes_check)
        1    0.000    0.000    0.000    0.000 numbers.py:32(Complex)
        7    0.000    0.000    0.000    0.000 typing.py:307(__new__)
        1    0.000    0.000    0.000    0.000 _endian.py:1(<module>)
        1    0.000    0.000    0.029    0.029 sputils.py:1(<module>)
        1    0.000    0.000    0.000    0.000 einsumfunc.py:1(<module>)
        8    0.000    0.000    0.000    0.000 enum.py:175(<dictcomp>)
        1    0.000    0.000    0.000    0.000 dok.py:1(<module>)
        8    0.000    0.000    0.000    0.000 enum.py:370(__getattr__)
        1    0.000    0.000    0.010    0.010 _datasource.py:1(<module>)
        1    0.000    0.000    0.000    0.000 _globals.py:57(_NoValueType)
        1    0.000    0.000    0.008    0.008 secrets.py:1(<module>)
        9    0.000    0.000    0.000    0.000 :0(seterrobj)
        1    0.000    0.000    0.000    0.000 pathlib.py:1025(Path)
        1    0.000    0.000    0.000    0.000 <frozen importlib._bootstrap_external>:1085(set_data)
        1    0.000    0.000    0.000    0.000 _add_newdocs.py:6673(numeric_type_aliases)
        2    0.000    0.000    0.000    0.000 _collections_abc.py:664(__contains__)
        1    0.000    0.000    0.000    0.000 __init__.py:231(_sanity_check)
      5/3    0.000    0.000    0.000    0.000 :0(view)
       20    0.000    0.000    0.000    0.000 :0(group)
        1    0.000    0.000    0.001    0.001 lil.py:1(<module>)
        1    0.000    0.000    0.000    0.000 threading.py:761(__init__)
        1    0.000    0.000    0.000    0.000 os.py:46(<listcomp>)
        1    0.000    0.000    0.000    0.000 bsr.py:22(bsr_matrix)
       14    0.000    0.000    0.000    0.000 :0(setter)
        1    0.000    0.000    0.003    0.003 csr.py:1(<module>)
        4    0.000    0.000    0.001    0.000 typing.py:802(__getitem__)
        8    0.000    0.000    0.000    0.000 enum.py:68(__init__)
        1    0.000    0.000    0.000    0.000 pathlib.py:120(_WindowsFlavour)
        8    0.000    0.000    0.000    0.000 textwrap.py:477(prefixed_lines)
        1    0.000    0.000    0.000    0.000 _asarray.py:1(<module>)
        1    0.000    0.000    0.000    0.000 _iotools.py:450(StringConverter)
        1    0.000    0.000    0.000    0.000 parse.py:356(_fix_result_transcoding)
        1    0.000    0.000    0.002    0.002 decimal.py:2(<module>)
        8    0.000    0.000    0.000    0.000 :0(mro)
        2    0.000    0.000    0.000    0.000 _pep440.py:437(_cmpkey)
        1    0.000    0.000    0.000    0.000 platform.py:973(_sys_version)
        1    0.000    0.000    0.037    0.037 metrics.py:11(__init__)
        1    0.000    0.000    0.000    0.000 polynomial.py:1007(poly1d)
        6    0.000    0.000    0.000    0.000 core.py:1147(__init__)
        3    0.000    0.000    0.000    0.000 posixpath.py:372(abspath)
        5    0.000    0.000    0.000    0.000 typing.py:689(copy_with)
       11    0.000    0.000    0.000    0.000 :0(__init_subclass__)
       17    0.000    0.000    0.000    0.000 :0(values)
        3    0.000    0.000    0.000    0.000 sre_compile.py:432(_generate_overlap_table)
        4    0.000    0.000    0.000    0.000 __init__.py:506(cast)
        1    0.000    0.000    0.027    0.027 uarray.py:1(<module>)
        1    0.000    0.000    0.000    0.000 core.py:6439(__new__)
        3    0.000    0.000    0.051    0.017 isvalids.py:10(__init__)
        1    0.000    0.000    0.000    0.000 enum.py:997(<listcomp>)
        7    0.000    0.000    0.000    0.000 typing.py:1124(runtime_checkable)
        3    0.000    0.000    0.000    0.000 utils.py:147(deprecate)
        6    0.000    0.000    0.000    0.000 opcode.py:47(jrel_op)
        9    0.000    0.000    0.000    0.000 typing.py:358(<genexpr>)
       15    0.000    0.000    0.000    0.000 :0(discard)
        1    0.000    0.000    0.000    0.000 _type_aliases.py:94(_add_types)
        1    0.000    0.000    0.000    0.000 coo.py:1(<module>)
        1    0.000    0.000    0.000    0.000 numbers.py:4(<module>)
        2    0.000    0.000    0.000    0.000 :0(implement_array_function)
       16    0.000    0.000    0.000    0.000 _dtype.py:24(_kind_name)
        1    0.000    0.000    0.000    0.000 arraypad.py:1(<module>)
        1    0.000    0.000    0.033    0.033 planner.py:17(plan)
        1    0.000    0.000    0.003    0.003 _helper.py:1(<module>)
        4    0.000    0.000    0.000    0.000 _ufunc_config.py:433(__enter__)
        1    0.000    0.000    0.000    0.000 numbers.py:294(Integral)
        1    0.000    0.000    0.000    0.000 base64.py:3(<module>)
        1    0.000    0.000    0.000    0.000 memmap.py:1(<module>)
        1    0.000    0.000    0.000    0.000 edges.py:1(<module>)
        1    0.000    0.000    0.000    0.000 numbers.py:147(Real)
        1    0.000    0.000    0.000    0.000 dia.py:1(<module>)
        1    0.000    0.000    0.000    0.000 realtransforms.py:1(<module>)
       16    0.000    0.000    0.000    0.000 _inspect.py:143(<lambda>)
        1    0.000    0.000    0.000    0.000 enum.py:978(_decompose)
       14    0.000    0.000    0.000    0.000 typing.py:1065(<genexpr>)
       15    0.000    0.000    0.000    0.000 _inspect.py:142(<lambda>)
        1    0.000    0.000    0.000    0.000 stride_tricks.py:1(<module>)
        1    0.000    0.000    0.000    0.000 format.py:1(<module>)
        1    0.000    0.000    0.000    0.000 token.py:1(<module>)
        4    0.000    0.000    0.001    0.000 re.py:223(split)
       13    0.000    0.000    0.000    0.000 enum.py:753(value)
        9    0.000    0.000    0.000    0.000 _internal.py:801(<genexpr>)
        1    0.000    0.000    0.028    0.028 __init__.py:15(<module>)
        5    0.000    0.000    0.000    0.000 opcode.py:51(jabs_op)
       11    0.000    0.000    0.000    0.000 typing.py:598(<genexpr>)
        1    0.000    0.000    0.000    0.000 inspect.py:2428(_ParameterKind)
        8    0.000    0.000    0.000    0.000 typing.py:886(<genexpr>)
        1    0.000    0.000    0.000    0.000 polyutils.py:1(<module>)
        1    0.000    0.000    0.000    0.000 :0(dot)
        1    0.000    0.000    0.000    0.000 typing.py:1735(__new__)
        3    0.000    0.000    0.000    0.000 posixpath.py:60(isabs)
        3    0.000    0.000    0.000    0.000 <frozen importlib._bootstrap_external>:74(_pack_uint32)
        1    0.000    0.000    0.000    0.000 csc.py:1(<module>)
        1    0.000    0.000    0.000    0.000 compressed.py:24(_cs_matrix)
        1    0.000    0.000    0.000    0.000 typing.py:1951(TextIO)
        3    0.000    0.000    0.000    0.000 :0(tolist)
        9    0.000    0.000    0.000    0.000 _pytesttester.py:75(__init__)
        1    0.000    0.000    0.000    0.000 :0(uname)
        1    0.000    0.000    0.000    0.000 metrics.py:1(<module>)
        1    0.000    0.000    0.000    0.000 hermite.py:1641(Hermite)
        1    0.000    0.000    0.001    0.001 _string_helpers.py:1(<module>)
        3    0.000    0.000    0.000    0.000 _collections_abc.py:657(get)
        1    0.000    0.000    0.394    0.394 sampler.py:2(<module>)
        1    0.000    0.000    0.000    0.000 <frozen importlib._bootstrap_external>:1080(_cache_bytecode)
        1    0.000    0.000    0.001    0.001 _validation.py:1(<module>)
        1    0.000    0.000    0.001    0.001 _ccallback.py:1(<module>)
        4    0.000    0.000    0.000    0.000 _ufunc_config.py:438(__exit__)
        1    0.000    0.000    0.000    0.000 pickle.py:263(_Unframer)
        1    0.000    0.000    0.000    0.000 abc.py:1(<module>)
        3    0.000    0.000    0.000    0.000 ufunclike.py:41(_fix_out_named_y)
        1    0.000    0.000    0.000    0.000 _polybase.py:1(<module>)
        2    0.000    0.000    0.000    0.000 :0(sorted)
        1    0.000    0.000    0.000    0.000 threading.py:1262(__init__)
        5    0.000    0.000    0.000    0.000 typing.py:736(__mro_entries__)
        1    0.000    0.000    0.000    0.000 _index.py:1(<module>)
        3    0.000    0.000    0.000    0.000 typing.py:206(_check_generic)
        2    0.000    0.000    0.000    0.000 arrayprint.py:458(decorating_function)
       11    0.000    0.000    0.000    0.000 enum.py:748(name)
        1    0.000    0.000    0.006    0.006 linecache.py:1(<module>)
        1    0.000    0.000    0.000    0.000 defchararray.py:1805(chararray)
        1    0.000    0.000    0.000    0.000 linalg.py:73(_determine_error_states)
        1    0.000    0.000    0.000    0.000 enum.py:899(_create_pseudo_member_)
        1    0.000    0.000    0.000    0.000 _iotools.py:229(NameValidator)
        7    0.000    0.000    0.000    0.000 :0(vars)
        2    0.000    0.000    0.000    0.000 :0(search)
        2    0.000    0.000    0.000    0.000 contextlib.py:211(contextmanager)
        7    0.000    0.000    0.000    0.000 enum.py:398(__members__)
        1    0.000    0.000    0.000    0.000 pathlib.py:399(_NormalAccessor)
        1    0.000    0.000    0.000    0.000 :0(exp)
        5    0.000    0.000    0.000    0.000 typing.py:329(__hash__)
        8    0.000    0.000    0.000    0.000 _pep440.py:301(<genexpr>)
        1    0.000    0.000    0.000    0.000 contextlib.py:72(inner)
        1    0.000    0.000    0.000    0.000 dok.py:23(dok_matrix)
        8    0.000    0.000    0.000    0.000 getlimits.py:90(_register_type)
        5    0.000    0.000    0.000    0.000 textwrap.py:474(predicate)
        3    0.000    0.000    0.000    0.000 textwrap.py:465(indent)
        1    0.000    0.000    0.016    0.016 _pep440.py:285(Version)
        1    0.000    0.000    0.000    0.000 _type_aliases.py:186(_set_up_aliases)
        6    0.000    0.000    0.000    0.000 _testutils.py:24(__init__)
        2    0.000    0.000    0.000    0.000 os.py:684(__delitem__)
        1    0.000    0.000    0.000    0.000 process.py:71(BaseProcess)
        1    0.000    0.000    0.000    0.000 threading.py:750(Thread)
        1    0.000    0.000    0.000    0.000 selectors.py:442(EpollSelector)
        1    0.000    0.000    0.000    0.000 __init__.py:339(__init__)
        1    0.000    0.000    0.000    0.000 core.py:3124(view)
        1    0.000    0.000    0.000    0.000 machar.py:1(<module>)
        1    0.000    0.000    0.147    0.147 graph.py:3(<module>)
        7    0.000    0.000    0.000    0.000 __init__.py:101(CFunctionType)
        1    0.000    0.000    0.000    0.000 typing.py:677(__getitem__)
        3    0.000    0.000    0.000    0.000 :0(cast)
        1    0.000    0.000    0.000    0.000 _compression.py:1(<module>)
        2    0.000    0.000    0.000    0.000 _weakrefset.py:36(__init__)
        1    0.000    0.000    0.000    0.000 edges.py:240(nearestNeighborTSP)
        1    0.000    0.000    0.000    0.000 data.py:19(_data_matrix)
        1    0.000    0.000    0.000    0.000 bz2.py:30(BZ2File)
        1    0.000    0.000    0.000    0.000 random.py:78(Random)
        1    0.000    0.000    0.000    0.000 chebyshev.py:1982(Chebyshev)
        1    0.000    0.000    0.000    0.000 numerictypes.py:560(_register_types)
        1    0.000    0.000    0.000    0.000 dia.py:16(dia_matrix)
        2    0.000    0.000    0.000    0.000 _collections_abc.py:72(_check_methods)
        1    0.000    0.000    0.000    0.000 threading.py:903(_set_tstate_lock)
        1    0.000    0.000    0.029    0.029 planner.py:13(__init__)
        1    0.000    0.000    0.000    0.000 typing.py:650(_GenericAlias)
        7    0.000    0.000    0.000    0.000 typing.py:183(<listcomp>)
        9    0.000    0.000    0.000    0.000 _globals.py:75(__repr__)
        1    0.000    0.000    0.000    0.000 _internal.py:248(_ctypes)
        1    0.000    0.000    0.000    0.000 typing.py:187(_subs_tvars)
        4    0.000    0.000    0.000    0.000 mixins.py:51(_unary_method)
        1    0.000    0.000    0.000    0.000 socket.py:213(socket)
        1    0.000    0.000    0.000    0.000 inspect.py:2742(Signature)
        1    0.000    0.000    0.000    0.000 core.py:6429(MaskedConstant)
        1    0.000    0.000    0.000    0.000 threading.py:222(__init__)
        4    0.000    0.000    0.000    0.000 _ufunc_config.py:429(__init__)
        1    0.000    0.000    0.000    0.000 bisect.py:1(<module>)
        2    0.000    0.000    0.000    0.000 core.py:6532(__setattr__)
        1    0.000    0.000    0.000    0.000 lzma.py:38(LZMAFile)
        3    0.000    0.000    0.000    0.000 :0(expandtabs)
        2    0.000    0.000    0.000    0.000 :0(urandom)
        4    0.000    0.000    0.000    0.000 typing.py:839(<genexpr>)
        2    0.000    0.000    0.000    0.000 :0(unsetenv)
        1    0.000    0.000    0.000    0.000 defmatrix.py:72(matrix)
        2    0.000    0.000    0.000    0.000 _distributor_init.py:1(<module>)
        1    0.000    0.000    0.000    0.000 csr.py:17(csr_matrix)
        7    0.000    0.000    0.000    0.000 typing.py:320(__init__)
        4    0.000    0.000    0.000    0.000 getlimits.py:522(max)
        3    0.000    0.000    0.000    0.000 __init__.py:498(PYFUNCTYPE)
        1    0.000    0.000    0.000    0.000 _testutils.py:1(<module>)
        1    0.000    0.000    0.000    0.000 contextlib.py:71(__call__)
        1    0.000    0.000    0.000    0.000 warnings.py:165(simplefilter)
        1    0.000    0.000    0.000    0.000 selectors.py:80(BaseSelector)
        1    0.000    0.000    0.000    0.000 __init__.py:261(_reset_cache)
        1    0.000    0.000    0.000    0.000 graph.py:6(Graph)
        1    0.000    0.000    0.000    0.000 arrayterator.py:1(<module>)
        5    0.000    0.000    0.000    0.000 :0(insert)
        2    0.000    0.000    0.000    0.000 core.py:6633(__init__)
        1    0.000    0.000    0.000    0.000 :0(openssl_md5)
        3    0.000    0.000    0.000    0.000 ufunclike.py:58(_fix_and_maybe_deprecate_out_named_y)
        1    0.000    0.000    0.000    0.000 legendre.py:1608(Legendre)
        2    0.000    0.000    0.000    0.000 copyreg.py:12(pickle)
        2    0.000    0.000    0.000    0.000 :0(all)
        1    0.000    0.000    0.000    0.000 _iotools.py:133(LineSplitter)
        1    0.000    0.000    0.000    0.000 typing.py:300(_SpecialForm)
        1    0.000    0.000    0.000    0.000 <frozen importlib._bootstrap_external>:496(_calc_mode)
        3    0.000    0.000    0.000    0.000 typing.py:830(<genexpr>)
        1    0.000    0.000    0.000    0.000 hermite_e.py:1635(HermiteE)
        1    0.000    0.000    0.000    0.000 ufunclike.py:16(_deprecate_out_named_y)
        1    0.000    0.000    0.000    0.000 polynomial.py:1456(Polynomial)
        6    0.000    0.000    0.000    0.000 _type_aliases.py:112(<genexpr>)
        1    0.000    0.000    0.000    0.000 mixins.py:1(<module>)
        1    0.000    0.000    0.000    0.000 os.py:1073(__subclasshook__)
        1    0.000    0.000    0.000    0.000 _pytesttester.py:1(<module>)
        1    0.000    0.000    0.017    0.017 isvalids.py:5(<module>)
        1    0.000    0.000    0.000    0.000 os.py:42(_get_exports_list)
        6    0.000    0.000    0.000    0.000 core.py:847(__init__)
        1    0.000    0.000    0.000    0.000 _matrix_io.py:1(<module>)
        1    0.000    0.000    0.000    0.000 typing.py:1937(BinaryIO)
        5    0.000    0.000    0.000    0.000 :0(_filters_mutated)
        1    0.000    0.000    0.000    0.000 _laplacian.py:1(<module>)
        3    0.000    0.000    0.000    0.000 index_tricks.py:310(__init__)
        1    0.000    0.000    0.000    0.000 planner.py:12(Planner)
        4    0.000    0.000    0.000    0.000 typing.py:889(<genexpr>)
        1    0.000    0.000    0.000    0.000 :0(get_native_id)
        6    0.000    0.000    0.000    0.000 _pep440.py:392(_parse_letter_version)
        1    0.000    0.000    0.000    0.000 laguerre.py:1592(Laguerre)
        1    0.000    0.000    0.000    0.000 :0(dlopen)
        1    0.000    0.000    0.000    0.000 _internal.py:216(_getintp_ctype)
        1    0.000    0.000    0.000    0.000 numeric.py:144(ones)
        1    0.000    0.000    0.000    0.000 parse.py:146(_NetlocResultMixinBase)
        1    0.000    0.000    0.000    0.000 typing.py:1615(__new__)
        3    0.000    0.000    0.000    0.000 core.py:1363(getmask)
        1    0.000    0.000    0.000    0.000 enum.py:932(__or__)
        1    0.000    0.000    0.000    0.000 :0(openssl_sha1)
        2    0.000    0.000    0.000    0.000 :0(register_at_fork)
        1    0.000    0.000    0.000    0.000 _dtype.py:1(<module>)
        4    0.000    0.000    0.000    0.000 core.py:3406(dtype)
        1    0.000    0.000    0.000    0.000 extract.py:1(<module>)
        2    0.000    0.000    0.000    0.000 random.py:94(__init__)
        5    0.000    0.000    0.000    0.000 reduction.py:43(register)
        1    0.000    0.000    0.000    0.000 process.py:393(__init__)
        1    0.000    0.000    0.000    0.000 graph.py:7(__init__)
        1    0.000    0.000    0.000    0.000 _type_aliases.py:62(<setcomp>)
        1    0.000    0.000    0.000    0.000 coo.py:22(coo_matrix)
        1    0.000    0.000    0.000    0.000 random.py:721(getrandbits)
        3    0.000    0.000    0.000    0.000 core.py:807(__init__)
        1    0.000    0.000    0.000    0.000 random.py:123(seed)
        1    0.000    0.000    0.000    0.000 edges.py:5(GraphEdgeMaker)
        1    0.000    0.000    0.000    0.000 inspect.py:2457(Parameter)
        3    0.000    0.000    0.000    0.000 utils.py:69(__init__)
        1    0.000    0.000    0.000    0.000 pathlib.py:136(<setcomp>)
        3    0.000    0.000    0.000    0.000 :0(to_bytes)
        1    0.000    0.000    0.000    0.000 _ccallback.py:26(LowLevelCallable)
        1    0.000    0.000    0.000    0.000 socket.py:626(SocketIO)
        5    0.000    0.000    0.000    0.000 typing.py:286(__init_subclass__)
        1    0.000    0.000    0.001    0.001 ctypeslib.py:357(_get_scalar_type_map)
        1    0.000    0.000    0.000    0.000 <__array_function__ internals>:2(concatenate)
        1    0.000    0.000    0.002    0.002 <frozen importlib._bootstrap_external>:906(source_to_code)
        3    0.000    0.000    0.000    0.000 :0(splitlines)
        3    0.000    0.000    0.000    0.000 __init__.py:303(<genexpr>)
        1    0.000    0.000    0.000    0.000 deprecation.py:1(<module>)
        1    0.000    0.000    0.000    0.000 threading.py:341(notify)
        1    0.000    0.000    0.000    0.000 _weakrefset.py:81(add)
        4    0.000    0.000    0.000    0.000 core.py:6433(__has_singleton)
        1    0.000    0.000    0.000    0.000 inspect.py:2612(BoundArguments)
        1    0.000    0.000    0.000    0.000 pathlib.py:601(_PathParents)
        1    0.000    0.000    0.000    0.000 getlimits.py:445(iinfo)
        1    0.000    0.000    0.000    0.000 pathlib.py:479(_Selector)
        1    0.000    0.000    0.000    0.000 enum.py:889(_missing_)
        1    0.000    0.000    0.000    0.000 dis.py:479(Bytecode)
        1    0.000    0.000    0.000    0.000 metrics.py:10(Metrics)
        1    0.000    0.000    0.000    0.000 platform.py:1077(python_implementation)
        1    0.000    0.000    0.000    0.000 pickle.py:200(_Framer)
        1    0.000    0.000    0.000    0.000 <__array_function__ internals>:2(copyto)
        1    0.000    0.000    0.000    0.000 _compression.py:33(DecompressReader)
        1    0.000    0.000    0.000    0.000 typing.py:496(__init__)
        1    0.000    0.000    0.000    0.000 core.py:6457(__array_finalize__)
        1    0.000    0.000    0.000    0.000 csc.py:16(csc_matrix)
        1    0.000    0.000    0.000    0.000 pathlib.py:510(_PreciseSelector)
        1    0.000    0.000    0.000    0.000 __init__.py:109(import_module)
        1    0.000    0.000    0.000    0.000 :0(_abc_instancecheck)
        1    0.000    0.000    0.000    0.000 parse.py:326(SplitResult)
        1    0.000    0.000    0.000    0.000 parse.py:331(ParseResult)
        1    0.000    0.000    0.000    0.000 threading.py:364(notify_all)
        1    0.000    0.000    0.000    0.000 context.py:226(DefaultContext)
        2    0.000    0.000    0.000    0.000 arrayprint.py:1546(set_string_function)
        1    0.000    0.000    0.000    0.000 _backend.py:46(set_global_backend)
        1    0.000    0.000    0.000    0.000 core.py:1316(_replace_dtype_fields)
        1    0.000    0.000    0.000    0.000 threading.py:1281(_DummyThread)
        1    0.000    0.000    0.000    0.000 arrayprint.py:1205(DatetimeFormat)
        1    0.000    0.000    0.000    0.000 random.py:103(__init_subclass__)
        1    0.000    0.000    0.000    0.000 _datasource.py:198(DataSource)
        1    0.000    0.000    0.000    0.000 threading.py:505(__init__)
        1    0.000    0.000    0.000    0.000 numbers.py:267(Rational)
        1    0.000    0.000    0.000    0.000 pathlib.py:557(_RecursiveWildcardSelector)
        1    0.000    0.000    0.000    0.000 parse.py:318(DefragResult)
        1    0.000    0.000    0.000    0.000 core.py:198(<listcomp>)
        1    0.000    0.000    0.000    0.000 index_tricks.py:300(AxisConcatenator)
        1    0.000    0.000    0.000    0.000 _globals.py:44(VisibleDeprecationWarning)
        1    0.000    0.000    0.000    0.000 pathlib.py:285(_PosixFlavour)
        1    0.000    0.000    0.000    0.000 <frozen importlib._bootstrap>:1002(_gcd_import)
        3    0.000    0.000    0.000    0.000 utils.py:52(_set_function_name)
        2    0.000    0.000    0.000    0.000 tokenize.py:60(maybe)
        1    0.000    0.000    0.000    0.000 hmac.py:26(HMAC)
        2    0.000    0.000    0.000    0.000 enum.py:1015(_power_of_two)
        1    0.000    0.000    0.000    0.000 pathlib.py:504(_TerminatingSelector)
        2    0.000    0.000    0.000    0.000 pathlib.py:61(__init__)
        1    0.000    0.000    0.000    0.000 core.py:2383(_MaskedPrintOption)
        3    0.000    0.000    0.000    0.000 __init__.py:499(CFunctionType)
        1    0.000    0.000    0.000    0.000 typing.py:845(Generic)
        1    0.000    0.000    0.000    0.000 reduction.py:33(ForkingPickler)
        1    0.000    0.000    0.000    0.000 _version.py:1(<module>)
        4    0.000    0.000    0.000    0.000 _pep440.py:70(__neg__)
        1    0.000    0.000    0.000    0.000 _dtype_ctypes.py:1(<module>)
        1    0.000    0.000    0.000    0.000 core.py:6234(mvoid)
        2    0.000    0.000    0.000    0.000 typing.py:685(<genexpr>)
        1    0.000    0.000    0.000    0.000 typing.py:798(_VariadicGenericAlias)
        1    0.000    0.000    0.000    0.000 arrayprint.py:1252(StructuredVoidFormat)
        1    0.000    0.000    0.000    0.000 _collections_abc.py:349(__subclasshook__)
        1    0.000    0.000    0.000    0.000 __init__.py:436(LibraryLoader)
        1    0.000    0.000    0.000    0.000 extras.py:1520(__init__)
        1    0.000    0.000    0.000    0.000 pathlib.py:526(_WildcardSelector)
        1    0.000    0.000    0.000    0.000 threading.py:573(Barrier)
        1    0.000    0.000    0.000    0.000 _pep440.py:158(_compare)
        1    0.000    0.000    0.000    0.000 typing.py:1521(SupportsInt)
        2    0.000    0.000    0.000    0.000 edges.py:6(__init__)
        1    0.000    0.000    0.000    0.000 core.py:1284(_replace_dtype_fields_recursive)
        1    0.000    0.000    0.000    0.000 index_tricks.py:250(__init__)
        1    0.000    0.000    0.000    0.000 :0(union)
        1    0.000    0.000    0.000    0.000 threading.py:376(Semaphore)
        1    0.000    0.000    0.000    0.000 _util.py:345(MapWrapper)
        1    0.000    0.000    0.000    0.000 threading.py:1177(_make_invoke_excepthook)
        1    0.000    0.000    0.000    0.000 version.py:5(<module>)
        3    0.000    0.000    0.000    0.000 core.py:868(__init__)
        2    0.000    0.000    0.000    0.000 :0(set_string_function)
        1    0.000    0.000    0.000    0.000 _index.py:28(IndexMixin)
        1    0.000    0.000    0.000    0.000 _pep440.py:117(parse)
        1    0.000    0.000    0.000    0.000 _datasource.py:538(Repository)
        1    0.000    0.000    0.000    0.000 parse.py:337(DefragResultBytes)
        2    0.000    0.000    0.000    0.000 :0(acquire)
        2    0.000    0.000    0.000    0.000 core.py:3422(shape)
        1    0.000    0.000    0.000    0.000 typing.py:281(_Final)
        1    0.000    0.000    0.000    0.000 typing.py:1749(<dictcomp>)
        1    0.000    0.000    0.000    0.000 npyio.py:115(NpzFile)
        1    0.000    0.000    0.000    0.000 index_tricks.py:517(__init__)
        1    0.000    0.000    0.000    0.000 context.py:203(reducer)
        2    0.000    0.000    0.000    0.000 sampler.py:5(__init__)
        1    0.000    0.000    0.000    0.000 typing.py:1581(SupportsRound)
        2    0.000    0.000    0.000    0.000 :0(log)
        1    0.000    0.000    0.000    0.000 _pep440.py:165(LegacyVersion)
        2    0.000    0.000    0.000    0.000 __init__.py:437(__init__)
        1    0.000    0.000    0.000    0.000 extras.py:1472(MAxisConcatenator)
        1    0.000    0.000    0.000    0.000 typing.py:1531(SupportsFloat)
        1    0.000    0.000    0.000    0.000 _pep440.py:140(__lt__)
        1    0.000    0.000    0.000    0.000 typing.py:1541(SupportsComplex)
        1    0.000    0.000    0.000    0.000 typing.py:1571(SupportsAbs)
        1    0.000    0.000    0.000    0.000 _backend.py:31(_backend_from_arg)
        1    0.000    0.000    0.000    0.000 __init__.py:318(CDLL)
        1    0.000    0.000    0.000    0.000 records.py:233(record)
        1    0.000    0.000    0.000    0.000 _compression.py:9(BaseStream)
        1    0.000    0.000    0.000    0.000 selectors.py:290(SelectSelector)
        1    0.000    0.000    0.000    0.000 typing.py:1551(SupportsBytes)
        2    0.000    0.000    0.000    0.000 :0(maketrans)
        1    0.000    0.000    0.000    0.000 parse.py:345(SplitResultBytes)
        1    0.000    0.000    0.000    0.000 _ufunc_config.py:444(_setdef)
        1    0.000    0.000    0.000    0.000 arrayterator.py:16(Arrayterator)
        1    0.000    0.000    0.000    0.000 :0(set_global_backend)
        1    0.000    0.000    0.000    0.000 _exceptions.py:143(_ArrayMemoryError)
        1    0.000    0.000    0.000    0.000 _datasource.py:76(_FileOpeners)
        1    0.000    0.000    0.000    0.000 index_tricks.py:547(__init__)
        1    0.000    0.000    0.000    0.000 reduction.py:251(AbstractReducer)
        1    0.000    0.000    0.000    0.000 utils.py:57(_Deprecate)
        2    0.000    0.000    0.000    0.000 index_tricks.py:143(__init__)
        1    0.000    0.000    0.000    0.000 memmap.py:22(memmap)
        1    0.000    0.000    0.000    0.000 typing.py:1561(SupportsIndex)
        1    0.000    0.000    0.000    0.000 pathlib.py:137(<setcomp>)
        1    0.000    0.000    0.000    0.000 selectors.py:341(_PollLikeSelector)
        1    0.000    0.000    0.000    0.000 core.py:197(<listcomp>)
        1    0.000    0.000    0.000    0.000 index_tricks.py:294(__init__)
        2    0.000    0.000    0.000    0.000 arrayprint.py:448(_recursive_guard)
        1    0.000    0.000    0.000    0.000 records.py:318(recarray)
        1    0.000    0.000    0.000    0.000 parse.py:785(Quoter)
        1    0.000    0.000    0.000    0.000 core.py:2600(MaskedIterator)
        1    0.000    0.000    0.000    0.000 _globals.py:30(ModuleDeprecationWarning)
        1    0.000    0.000    0.000    0.000 tokenize.py:59(any)
        1    0.000    0.000    0.000    0.000 core.py:6624(_extrema_operation)
        1    0.000    0.000    0.000    0.000 pathlib.py:1569(WindowsPath)
        1    0.000    0.000    0.000    0.000 _pep440.py:45(Infinity)
        2    0.000    0.000    0.000    0.000 index_tricks.py:724(__init__)
        1    0.000    0.000    0.000    0.000 <frozen importlib._bootstrap>:937(_sanity_check)
        1    0.000    0.000    0.000    0.000 _internal.py:524(_Stream)
        1    0.000    0.000    0.000    0.000 threading.py:94(_RLock)
        1    0.000    0.000    0.000    0.000 _backend.py:243(set_global_backend)
        1    0.000    0.000    0.000    0.000 pathlib.py:57(_Flavour)
        1    0.000    0.000    0.000    0.000 threading.py:210(Condition)
        1    0.000    0.000    0.000    0.000 :0(groups)
        1    0.000    0.000    0.000    0.000 _internal.py:239(_missing_ctypes)
        2    0.000    0.000    0.000    0.000 core.py:884(__init__)
        1    0.000    0.000    0.000    0.000 core.py:1330(make_mask_descr)
        1    0.000    0.000    0.000    0.000 threading.py:249(__exit__)
        1    0.000    0.000    0.000    0.000 ctypeslib.py:198(_concrete_ndptr)
        1    0.000    0.000    0.000    0.000 _version.py:14(NumpyVersion)
        1    0.000    0.000    0.000    0.000 pathlib.py:1002(PurePosixPath)
        1    0.000    0.000    0.000    0.000 abc.py:96(__instancecheck__)
        1    0.000    0.000    0.000    0.000 enum.py:957(_high_bit)
        1    0.000    0.000    0.000    0.000 parse.py:183(_NetlocResultMixinStr)
        1    0.000    0.000    0.000    0.000 _datasource.py:101(__init__)
        1    0.000    0.000    0.000    0.000 threading.py:246(__enter__)
        1    0.000    0.000    0.000    0.000 _backend.py:318(Dispatchable)
        2    0.000    0.000    0.000    0.000 :0(keys)
        1    0.000    0.000    0.000    0.000 machar.py:16(MachAr)
        1    0.000    0.000    0.000    0.000 selectors.py:206(_BaseSelectorImpl)
        1    0.000    0.000    0.000    0.000 threading.py:896(_set_ident)
        1    0.000    0.000    0.000    0.000 tokenize.py:45(TokenInfo)
        1    0.000    0.000    0.000    0.000 selectors.py:433(PollSelector)
        1    0.000    0.000    0.000    0.000 npyio.py:51(BagObj)
        1    0.000    0.000    0.000    0.000 index_tricks.py:603(ndindex)
        1    0.000    0.000    0.000    0.000 typing.py:532(__hash__)
        1    0.000    0.000    0.000    0.000 _exceptions.py:40(_UFuncBinaryResolutionError)
        1    0.000    0.000    0.000    0.000 typing.py:1644(NamedTuple)
        2    0.000    0.000    0.000    0.000 _pep440.py:446(<lambda>)
        1    0.000    0.000    0.000    0.000 py3k.py:88(contextlib_nullcontext)
        1    0.000    0.000    0.000    0.000 parse.py:130(_ResultMixinStr)
        1    0.000    0.000    0.000    0.000 copyreg.py:22(constructor)
        2    0.000    0.000    0.000    0.000 _pep440.py:426(_parse_local_version)
        1    0.000    0.000    0.000    0.000 parse.py:213(_NetlocResultMixinBytes)
        1    0.000    0.000    0.000    0.000 core.py:978(_MaskedBinaryOperation)
        2    0.000    0.000    0.000    0.000 :0(clear)
        1    0.000    0.000    0.000    0.000 function_base.py:1895(vectorize)
        1    0.000    0.000    0.000    0.000 _ufunc_config.py:29(<dictcomp>)
        1    0.000    0.000    0.000    0.000 context.py:229(__init__)
        1    0.000    0.000    0.000    0.000 threading.py:261(_is_owned)
        1    0.000    0.000    0.000    0.000 pathlib.py:1012(PureWindowsPath)
        1    0.000    0.000    0.000    0.000 core.py:8081(_convert2ma)
        1    0.000    0.000    0.000    0.000 typing.py:1734(_TypedDictMeta)
        1    0.000    0.000    0.000    0.000 threading.py:900(_set_native_id)
        1    0.000    0.000    0.000    0.000 process.py:358(_ParentProcess)
        1    0.000    0.000    0.000    0.000 typing.py:489(ForwardRef)
        1    0.000    0.000    0.000    0.000 core.py:904(_MaskedUnaryOperation)
        2    0.000    0.000    0.000    0.000 enum.py:1009(<lambda>)
        1    0.000    0.000    0.000    0.000 __init__.py:153(py_object)
        1    0.000    0.000    0.000    0.000 _pep440.py:77(NegativeInfinity)
        1    0.000    0.000    0.000    0.000 ast.py:347(NodeVisitor)
        1    0.000    0.000    0.000    0.000 _pep440.py:135(_BaseVersion)
        1    0.000    0.000    0.000    0.000 _internal.py:204(dummy_ctype)
        1    0.000    0.000    0.000    0.000 core.py:202(<listcomp>)
        1    0.000    0.000    0.000    0.000 _ufunc_config.py:369(errstate)
        1    0.000    0.000    0.000    0.000 pickle.py:73(PickleError)
        1    0.000    0.000    0.000    0.000 :0(_set_sentinel)
        1    0.000    0.000    0.000    0.000 parse.py:350(ParseResultBytes)
        1    0.000    0.000    0.000    0.000 _util.py:156(DeprecatedImport)
        1    0.000    0.000    0.000    0.000 index_tricks.py:208(MGridClass)
        1    0.000    0.000    0.000    0.000 :0(cpu_count)
        1    0.000    0.000    0.000    0.000 random.py:709(SystemRandom)
        1    0.000    0.000    0.000    0.000 ctypeslib.py:177(_ndptr)
        1    0.000    0.000    0.000    0.000 extras.py:215(_fromnxfunction)
        1    0.000    0.000    0.000    0.000 isvalids.py:9(Valids)
        1    0.000    0.000    0.000    0.000 _backend.py:5(_ScipyBackend)
        1    0.000    0.000    0.000    0.000 threading.py:494(Event)
        1    0.000    0.000    0.000    0.000 deprecation.py:27(_DeprecationHelperStr)
        1    0.000    0.000    0.000    0.000 selectors.py:60(_SelectorMapping)
        1    0.000    0.000    0.000    0.000 _exceptions.py:56(_UFuncNoLoopError)
        1    0.000    0.000    0.000    0.000 typing.py:1986(io)
        1    0.000    0.000    0.000    0.000 _endian.py:23(_swapped_meta)
        1    0.000    0.000    0.000    0.000 arrayprint.py:834(FloatingFormat)
        1    0.000    0.000    0.000    0.000 core.py:201(<listcomp>)
        1    0.000    0.000    0.000    0.000 pathlib.py:394(_Accessor)
        1    0.000    0.000    0.000    0.000 tokenize.py:162(Untokenizer)
        1    0.000    0.000    0.000    0.000 typing.py:1026(Protocol)
        1    0.000    0.000    0.000    0.000 typing.py:539(TypeVar)
        1    0.000    0.000    0.000    0.000 typing.py:2001(re)
        1    0.000    0.000    0.000    0.000 parse.py:138(_ResultMixinBytes)
        1    0.000    0.000    0.000    0.000 core.py:6739(_frommethod)
        1    0.000    0.000    0.000    0.000 __init__.py:367(_FuncPtr)
        1    0.000    0.000    0.000    0.000 __init__.py:103(_FFTModule)
        1    0.000    0.000    0.000    0.000 typing.py:1613(NamedTupleMeta)
        1    0.000    0.000    0.000    0.000 records.py:97(format_parser)
        1    0.000    0.000    0.000    0.000 index_tricks.py:255(OGridClass)
        1    0.000    0.000    0.000    0.000 getlimits.py:291(finfo)
        1    0.000    0.000    0.000    0.000 pathlib.py:1562(PosixPath)
        1    0.000    0.000    0.000    0.000 sampler.py:4(Samplers)
        1    0.000    0.000    0.000    0.000 :0(set_typeDict)
        1    0.000    0.000    0.000    0.000 version.py:3(<module>)
        1    0.000    0.000    0.000    0.000 __init__.py:396(PyDLL)
        1    0.000    0.000    0.000    0.000 context.py:220(Process)
        1    0.000    0.000    0.000    0.000 _iotools.py:429(ConverterLockError)
        1    0.000    0.000    0.000    0.000 _exceptions.py:83(_UFuncInputCastingError)
        1    0.000    0.000    0.000    0.000 index_tricks.py:554(ndenumerate)
        1    0.000    0.000    0.000    0.000 core.py:1126(_DomainedBinaryOperation)
        1    0.000    0.000    0.000    0.000 :0(openssl_sha384)
        1    0.000    0.000    0.000    0.000 threading.py:1230(Timer)
        1    0.000    0.000    0.000    0.000 index_tricks.py:108(nd_grid)
        1    0.000    0.000    0.000    0.000 _iotools.py:421(ConverterError)
        1    0.000    0.000    0.000    0.000 core.py:2389(__init__)
        1    0.000    0.000    0.000    0.000 _exceptions.py:74(_UFuncCastingError)
        1    0.000    0.000    0.000    0.000 inspect.py:897(BlockFinder)
        1    0.000    0.000    0.000    0.000 version.py:1(<module>)
        1    0.000    0.000    0.000    0.000 :0(openssl_sha256)
        1    0.000    0.000    0.000    0.000 typing.py:1006(_ProtocolMeta)
        1    0.000    0.000    0.000    0.000 _internal.py:845(recursive)
        1    0.000    0.000    0.000    0.000 _exceptions.py:101(_UFuncOutputCastingError)
        1    0.000    0.000    0.000    0.000 _exceptions.py:125(AxisError)
        1    0.000    0.000    0.000    0.000 _pytesttester.py:45(PytestTester)
        1    0.000    0.000    0.000    0.000 :0(sqrt)
        1    0.000    0.000    0.000    0.000 context.py:272(ForkProcess)
        1    0.000    0.000    0.000    0.000 records.py:78(_OrderedCounter)
        1    0.000    0.000    0.000    0.000 dis.py:209(Instruction)
        1    0.000    0.000    0.000    0.000 :0(lower)
        1    0.000    0.000    0.000    0.000 context.py:301(ForkServerContext)
        1    0.000    0.000    0.000    0.000 _testutils.py:19(PytestTester)
        1    0.000    0.000    0.000    0.000 :0(openssl_sha224)
        1    0.000    0.000    0.000    0.000 inspect.py:2420(_void)
        1    0.000    0.000    0.000    0.000 stride_tricks.py:14(DummyArray)
        1    0.000    0.000    0.000    0.000 pickle.py:77(PicklingError)
        1    0.000    0.000    0.000    0.000 getlimits.py:32(MachArLike)
        1    0.000    0.000    0.000    0.000 context.py:286(ForkServerProcess)
        1    0.000    0.000    0.000    0.000 _exceptions.py:34(UFuncTypeError)
        1    0.000    0.000    0.000    0.000 numbers.py:12(Number)
        1    0.000    0.000    0.000    0.000 :0(index)
        1    0.000    0.000    0.000    0.000 core.py:798(_DomainCheckInterval)
        1    0.000    0.000    0.000    0.000 threading.py:456(BoundedSemaphore)
        1    0.000    0.000    0.000    0.000 __init__.py:237(c_char_p)
        1    0.000    0.000    0.000    0.000 typing.py:290(_Immutable)
        1    0.000    0.000    0.000    0.000 _type_aliases.py:35(TypeNADict)
        1    0.000    0.000    0.000    0.000 _endian.py:46(BigEndianStructure)
        1    0.000    0.000    0.000    0.000 ast.py:505(Num)
        1    0.000    0.000    0.000    0.000 core.py:831(__init__)
        1    0.000    0.000    0.000    0.000 extras.py:1502(mr_class)
        1    0.000    0.000    0.000    0.000 pickle.py:97(_Stop)
        1    0.000    0.000    0.000    0.000 numerictypes.py:396(_typedict)
        1    0.000    0.000    0.000    0.000 base.py:12(SparseWarning)
        1    0.000    0.000    0.000    0.000 index_tricks.py:680(IndexExpression)
        1    0.000    0.000    0.000    0.000 shutil.py:72(SameFileError)
        1    0.000    0.000    0.000    0.000 process.py:343(AuthenticationString)
        1    0.000    0.000    0.000    0.000 polyutils.py:60(RankWarning)
        1    0.000    0.000    0.000    0.000 multiarray.py:1043(copyto)
        1    0.000    0.000    0.000    0.000 inspect.py:895(EndOfBlock)
        1    0.000    0.000    0.000    0.000 arrayprint.py:1146(ComplexFloatingFormat)
        1    0.000    0.000    0.000    0.000 reduction.py:211(_C)
        1    0.000    0.000    0.000    0.000 extras.py:270(_fromnxfunction_single)
        1    0.000    0.000    0.000    0.000 arrayprint.py:1123(IntegerFormat)
        1    0.000    0.000    0.000    0.000 core.py:841(_DomainSafeDivide)
        1    0.000    0.000    0.000    0.000 _pep440.py:129(InvalidVersion)
        1    0.000    0.000    0.000    0.000 _iotools.py:437(ConversionWarning)
        1    0.000    0.000    0.000    0.000 context.py:279(SpawnProcess)
        1    0.000    0.000    0.000    0.000 multiarray.py:143(concatenate)
        1    0.000    0.000    0.000    0.000 socket.py:210(_GiveupOnSendfile)
        1    0.000    0.000    0.000    0.000 linalg.py:43(LinAlgError)
        1    0.000    0.000    0.000    0.000 tokenize.py:157(TokenError)
        1    0.000    0.000    0.000    0.000 ast.py:476(_ABC)
        1    0.000    0.000    0.000    0.000 index_tricks.py:522(CClass)
        1    0.000    0.000    0.000    0.000 ast.py:520(Ellipsis)
        1    0.000    0.000    0.000    0.000 :0(register)
        1    0.000    0.000    0.000    0.000 core.py:84(MaskedArrayFutureWarning)
        1    0.000    0.000    0.000    0.000 _pep440.py:141(<lambda>)
        1    0.000    0.000    0.000    0.000 core.py:823(_DomainTan)
        1    0.000    0.000    0.000    0.000 extras.py:288(_fromnxfunction_seq)
        1    0.000    0.000    0.000    0.000 ast.py:405(NodeTransformer)
        1    0.000    0.000    0.000    0.000 core.py:894(_MaskedUFunc)
        1    0.000    0.000    0.000    0.000 numeric.py:59(ComplexWarning)
        1    0.000    0.000    0.000    0.000 threading.py:1095(daemon)
        1    0.000    0.000    0.000    0.000 :0(openssl_sha512)
        1    0.000    0.000    0.000    0.000 context.py:297(SpawnContext)
        1    0.000    0.000    0.000    0.000 ast.py:517(NameConstant)
        1    0.000    0.000    0.000    0.000 core.py:155(MAError)
        1    0.000    0.000    0.000    0.000 process.py:391(_MainProcess)
        1    0.000    0.000    0.000    0.000 _testutils.py:14(FPUModeChangeWarning)
        1    0.000    0.000    0.000    0.000 ast.py:509(Str)
        1    0.000    0.000    0.000    0.000 context.py:293(ForkContext)
        1    0.000    0.000    0.000    0.000 polynomial.py:28(RankWarning)
        1    0.000    0.000    0.000    0.000 shutil.py:69(Error)
        1    0.000    0.000    0.000    0.000 index_tricks.py:422(RClass)
        1    0.000    0.000    0.000    0.000 :0(__enter__)
        1    0.000    0.000    0.000    0.000 arrayprint.py:1179(_TimelikeFormat)
        1    0.000    0.000    0.000    0.000 core.py:862(_DomainGreater)
        1    0.000    0.000    0.000    0.000 _ufunc_config.py:362(_unspecified)
        1    0.000    0.000    0.000    0.000 pickle.py:84(UnpicklingError)
        1    0.000    0.000    0.000    0.000 ast.py:513(Bytes)
        1    0.000    0.000    0.000    0.000 typing.py:1760(TypedDict)
        1    0.000    0.000    0.000    0.000 __init__.py:253(c_wchar_p)
        1    0.000    0.000    0.000    0.000 typing.py:936(_TypingEmpty)
        1    0.000    0.000    0.000    0.000 threading.py:1260(_MainThread)
        1    0.000    0.000    0.000    0.000 arrayprint.py:1242(SubArrayFormat)
        1    0.000    0.000    0.000    0.000 __init__.py:162(c_short)
        1    0.000    0.000    0.000    0.000 inspect.py:2424(_empty)
        1    0.000    0.000    0.000    0.000 context.py:14(ProcessError)
        1    0.000    0.000    0.000    0.000 context.py:17(BufferTooShort)
        1    0.000    0.000    0.000    0.000 __init__.py:227(c_byte)
        1    0.000    0.000    0.000    0.000 arrayprint.py:1136(BoolFormat)
        1    0.000    0.000    0.000    0.000 core.py:878(_DomainGreaterEqual)
        1    0.000    0.000    0.000    0.000 _ccallback.py:9(CData)
        1    0.000    0.000    0.000    0.000 extras.py:301(_fromnxfunction_args)
        1    0.000    0.000    0.000    0.000 polyutils.py:64(PolyError)
        1    0.000    0.000    0.000    0.000 extras.py:326(_fromnxfunction_allargs)
        1    0.000    0.000    0.000    0.000 __init__.py:170(c_long)
        1    0.000    0.000    0.000    0.000 _internal.py:243(c_void_p)
        1    0.000    0.000    0.000    0.000 _exceptions.py:120(TooHardError)
        1    0.000    0.000    0.000    0.000 __init__.py:166(c_ushort)
        1    0.000    0.000    0.000    0.000 contextlib.py:59(_recreate_cm)
        1    0.000    0.000    0.000    0.000 typing.py:943(_TypingEllipsis)
        1    0.000    0.000    0.000    0.000 __init__.py:183(c_int)
        1    0.000    0.000    0.000    0.000 shutil.py:85(RegistryError)
        1    0.000    0.000    0.000    0.000 __init__.py:195(c_double)
        1    0.000    0.000    0.000    0.000 tokenize.py:159(StopTokenizing)
        1    0.000    0.000    0.000    0.000 arrayprint.py:1237(TimedeltaFormat)
        1    0.000    0.000    0.000    0.000 :0(bit_length)
        1    0.000    0.000    0.000    0.000 __init__.py:191(c_float)
        1    0.000    0.000    0.000    0.000 __init__.py:174(c_ulong)
        1    0.000    0.000    0.000    0.000 __init__.py:199(c_longdouble)
        1    0.000    0.000    0.000    0.000 __init__.py:243(c_void_p)
        1    0.000    0.000    0.000    0.000 shutil.py:75(SpecialFileError)
        1    0.000    0.000    0.000    0.000 __init__.py:220(c_ubyte)
        1    0.000    0.000    0.000    0.000 __init__.py:187(c_uint)
        1    0.000    0.000    0.000    0.000 :0(_set_madvise_hugepage)
        1    0.000    0.000    0.000    0.000 random.py:729(seed)
        1    0.000    0.000    0.000    0.000 threading.py:727(BrokenBarrierError)
        1    0.000    0.000    0.000    0.000 :0(__exit__)
        1    0.000    0.000    0.000    0.000 core.py:163(MaskError)
        1    0.000    0.000    0.000    0.000 polyutils.py:81(PolyBase)
        1    0.000    0.000    0.000    0.000 shutil.py:79(ExecError)
        1    0.000    0.000    0.000    0.000 __init__.py:232(c_char)
        1    0.000    0.000    0.000    0.000 __init__.py:248(c_bool)
        1    0.000    0.000    0.000    0.000 base.py:16(SparseFormatWarning)
        1    0.000    0.000    0.000    0.000 polyutils.py:68(PolyDomainError)
        1    0.000    0.000    0.000    0.000 shutil.py:82(ReadError)
        1    0.000    0.000    0.000    0.000 __init__.py:258(c_wchar)
        1    0.000    0.000    0.000    0.000 shutil.py:89(_GiveupOnFastCopy)
        1    0.000    0.000    0.000    0.000 context.py:20(TimeoutError)
        1    0.000    0.000    0.000    0.000 base.py:20(SparseEfficiencyWarning)
        1    0.000    0.000    0.000    0.000 context.py:23(AuthenticationError)
        0    0.000             0.000          profile:0(profiler)


